<?xml version="1.0" encoding="UTF-8"?>
<!-- Generated by org.testng.reporters.JUnitReportReporter -->
<testsuite skipped="0" hostname="DESKTOP-MTO6MC9" name="jks1.Class1" tests="5" failures="0" timestamp="2023-01-25T09:47:49 IST" time="0.036" errors="0">
  <testcase name="tc004" time="0.005" classname="jks1.Class1"/>
  <system-out>
tc004 executed successfull  </system-out>
  <testcase name="tc006" time="0.005" classname="jks1.Class1"/>
  <system-out>
tc006 executed successfull  </system-out>
  <testcase name="email" time="0.005" classname="jks1.Class1"/>
  <system-out>
email report sent successfull  </system-out>
  <testcase name="tc005" time="0.005" classname="jks1.Class1"/>
  <system-out>
tc005 executed successfull  </system-out>
  <testcase name="Logout" time="0.016" classname="jks1.Class1"/>
  <system-out>
Logout test successfull  </system-out>
</testsuite> <!-- jks1.Class1 -->
